app/build/outputs/logs/manifest-merger-debug-report.txt
-- Merging decision tree log ---
manifest
ADDED from src\main\AndroidManifest.xml:3:1-37:12
INJECTED from src\main\AndroidManifest.xml:3:1-37:12
INJECTED from src\main\AndroidManifest.xml:3:1-37:12
INJECTED from src\main\AndroidManifest.xml:3:1-37:12
MERGED from [com.android.support:support-v4:23.0.0] AndroidManifest.xml:17:1-24:12
INJECTED from src\main\AndroidManifest.xml:3:1-37:12
INJECTED from src\main\AndroidManifest.xml:3:1-37:12
INJECTED from src\main\AndroidManifest.xml:3:1-37:12
	package
		ADDED from src\main\AndroidManifest.xml:4:5-38
		INJECTED from src\main\AndroidManifest.xml
		INJECTED from src\main\AndroidManifest.xml
	android:versionName
		ADDED from src\main\AndroidManifest.xml:6:5-30
		INJECTED from src\main\AndroidManifest.xml
		INJECTED from src\main\AndroidManifest.xml
	xmlns:android
		ADDED from src\main\AndroidManifest.xml:3:11-69
	android:versionCode
		ADDED from src\main\AndroidManifest.xml:5:5-28
		INJECTED from src\main\AndroidManifest.xml
		INJECTED from src\main\AndroidManifest.xml
uses-feature#android.software.live_wallpaper
ADDED from src\main\AndroidManifest.xml:8:5-68
	android:name
		ADDED from src\main\AndroidManifest.xml:8:19-65
uses-permission#android.permission.RECORD_AUDIO
ADDED from src\main\AndroidManifest.xml:10:5-71
	android:name
		ADDED from src\main\AndroidManifest.xml:10:22-68
application
ADDED from src\main\AndroidManifest.xml:12:5-36:19
MERGED from [com.android.support:support-v4:23.0.0] AndroidManifest.xml:22:5-20
MERGED from [com.android.support:support-v4:23.0.0] AndroidManifest.xml:22:5-20
	android:label
		ADDED from src\main\AndroidManifest.xml:14:9-41
	android:icon
		ADDED from src\main\AndroidManifest.xml:13:9-45
	android:allowBackup
		ADDED from src\main\AndroidManifest.xml:15:9-35
service#com.livewallpaper.audio.AudioLiveWallpaperActivity
ADDED from src\main\AndroidManifest.xml:17:9-25:19
	android:label
		ADDED from src\main\AndroidManifest.xml:18:13-51
	android:permission
		ADDED from src\main\AndroidManifest.xml:20:13-67
	android:name
		ADDED from src\main\AndroidManifest.xml:19:13-55
intent-filter#action:name:android.service.wallpaper.WallpaperService
ADDED from src\main\AndroidManifest.xml:21:13-23:29
action#android.service.wallpaper.WallpaperService
ADDED from src\main\AndroidManifest.xml:22:17-85
	android:name
		ADDED from src\main\AndroidManifest.xml:22:25-82
meta-data#android.service.wallpaper
ADDED from src\main\AndroidManifest.xml:24:13-110
	android:resource
		ADDED from src\main\AndroidManifest.xml:24:65-107
	android:name
		ADDED from src\main\AndroidManifest.xml:24:24-64
activity#com.livewallpaper.audio.PrefsActivity
ADDED from src\main\AndroidManifest.xml:27:9-34:20
	android:label
		ADDED from src\main\AndroidManifest.xml:30:13-40
	android:exported
		ADDED from src\main\AndroidManifest.xml:32:13-36
	android:description
		ADDED from src\main\AndroidManifest.xml:29:13-54
	android:theme
		ADDED from src\main\AndroidManifest.xml:31:13-55
	android:name
		ADDED from src\main\AndroidManifest.xml:28:13-42
uses-sdk
INJECTED from src\main\AndroidManifest.xml reason: use-sdk injection requested
INJECTED from src\main\AndroidManifest.xml
INJECTED from src\main\AndroidManifest.xml
MERGED from [com.android.support:support-v4:23.0.0] AndroidManifest.xml:20:5-43
MERGED from [com.android.support:support-v4:23.0.0] AndroidManifest.xml:20:5-43
INJECTED from src\main\AndroidManifest.xml
INJECTED from src\main\AndroidManifest.xml
	android:targetSdkVersion
		INJECTED from src\main\AndroidManifest.xml
		ADDED from src\main\AndroidManifest.xml
		INJECTED from src\main\AndroidManifest.xml
	android:minSdkVersion
		INJECTED from src\main\AndroidManifest.xml
		ADDED from src\main\AndroidManifest.xml
		INJECTED from src\main\AndroidManifest.xml